[2025-12-25 17:40:36] Source  : .
[2025-12-25 17:40:36] Sortie  : project_export.md
[2025-12-25 17:40:36] Fichiers trouvés (avant filtre): 123
[2025-12-25 17:40:36] Fichiers à concaténer (après filtre): 122 (exclus auto:1 dir:0 file:0)
[2025-12-25 17:40:36] Concatène [1] .env (size=646)
[2025-12-25 17:40:36] Concatène [2] .git/COMMIT_EDITMSG (size=30)
[2025-12-25 17:40:36] Concatène [3] .git/FETCH_HEAD (size=87)
[2025-12-25 17:40:36] Concatène [4] .git/HEAD (size=23)
[2025-12-25 17:40:36] Concatène [5] .git/ORIG_HEAD (size=41)
[2025-12-25 17:40:36] Concatène [6] .git/config (size=348)
[2025-12-25 17:40:36] Concatène [7] .git/description (size=73)
[2025-12-25 17:40:36] Concatène [8] .git/hooks/applypatch-msg.sample (size=478)
[2025-12-25 17:40:36] Concatène [9] .git/hooks/commit-msg.sample (size=896)
[2025-12-25 17:40:36] Concatène [10] .git/hooks/fsmonitor-watchman.sample (size=4726)
[2025-12-25 17:40:36] Concatène [11] .git/hooks/post-update.sample (size=189)
[2025-12-25 17:40:36] Concatène [12] .git/hooks/pre-applypatch.sample (size=424)
[2025-12-25 17:40:36] Concatène [13] .git/hooks/pre-commit.sample (size=1643)
[2025-12-25 17:40:36] Concatène [14] .git/hooks/pre-merge-commit.sample (size=416)
[2025-12-25 17:40:36] Concatène [15] .git/hooks/pre-push.sample (size=1374)
[2025-12-25 17:40:36] Concatène [16] .git/hooks/pre-rebase.sample (size=4898)
[2025-12-25 17:40:36] Concatène [17] .git/hooks/pre-receive.sample (size=544)
[2025-12-25 17:40:36] Concatène [18] .git/hooks/prepare-commit-msg.sample (size=1492)
[2025-12-25 17:40:36] Concatène [19] .git/hooks/push-to-checkout.sample (size=2783)
[2025-12-25 17:40:36] Concatène [20] .git/hooks/sendemail-validate.sample (size=2308)
[2025-12-25 17:40:36] Concatène [21] .git/hooks/update.sample (size=3650)
[2025-12-25 17:40:36] ℹ️  Binaire : .git/index — référencé mais non inclus
[2025-12-25 17:40:36] Concatène [23] .git/info/exclude (size=240)
[2025-12-25 17:40:36] Concatène [24] .git/logs/HEAD (size=378)
[2025-12-25 17:40:36] Concatène [25] .git/logs/refs/heads/master (size=378)
[2025-12-25 17:40:36] Concatène [26] .git/logs/refs/remotes/origin/master (size=288)
[2025-12-25 17:40:36] ℹ️  Binaire : .git/objects/0c/636d86bffac4f802278a4a7178d9a27193f0ec — référencé mais non inclus
[2025-12-25 17:40:36] ℹ️  Binaire : .git/objects/0e/ee988462b970f9b69b1449ac6c54ca6a9a5754 — référencé mais non inclus
[2025-12-25 17:40:36] ℹ️  Binaire : .git/objects/11/c0a428ae63867970c057e4da81ea673a9b10a4 — référencé mais non inclus
[2025-12-25 17:40:36] ℹ️  Binaire : .git/objects/12/a122ea7678e77dcb0ffc86aeca9c7d69bd816d — référencé mais non inclus
[2025-12-25 17:40:36] Concatène [31] .git/objects/20/708f6a2ef877be2ccc2101160dbce8791b4604 (size=273)
[2025-12-25 17:40:36] Concatène [32] .git/objects/22/f7a387d14bb1ff975b8f8a909c2760552ab6b2 (size=577)
[2025-12-25 17:40:36] ℹ️  Binaire : .git/objects/24/3e0c81c7ad72a6d3e8acb2dec9be096a1193da — référencé mais non inclus
[2025-12-25 17:40:36] ℹ️  Binaire : .git/objects/33/c0d87c6d62f2f9d9a4e40f8f25ed90e4056ba3 — référencé mais non inclus
[2025-12-25 17:40:36] ℹ️  Binaire : .git/objects/37/ae47ae280e513c8aa2129bd8132aefba977851 — référencé mais non inclus
[2025-12-25 17:40:36] ℹ️  Binaire : .git/objects/3e/2093992b9bec6d3f7c01739e68ac39c300d3d1 — référencé mais non inclus
[2025-12-25 17:40:36] Concatène [37] .git/objects/3e/20ed345bffc4e3750b64a9529fa7d180030b91 (size=275)
[2025-12-25 17:40:36] ℹ️  Binaire : .git/objects/3f/a8c8c5920b5fd88bbfd47984588cab3f7465c5 — référencé mais non inclus
[2025-12-25 17:40:36] ℹ️  Binaire : .git/objects/49/6c619e5bce5b8e4b24d430a73bbd67e2f4f31e — référencé mais non inclus
[2025-12-25 17:40:36] ℹ️  Binaire : .git/objects/4c/aeed4572829ae912ba1a0d88c87af1bc82e713 — référencé mais non inclus
[2025-12-25 17:40:36] ℹ️  Binaire : .git/objects/5a/50d4c26668c2b5b465756529b5868e7f109e11 — référencé mais non inclus
[2025-12-25 17:40:36] Concatène [42] .git/objects/5d/ab255ae1904e7a27735e3c9641a108451695d3 (size=206)
[2025-12-25 17:40:36] Concatène [43] .git/objects/5e/1af68ac259b3f3f34291e2803d602d13ce9fd5 (size=206)
[2025-12-25 17:40:36] Concatène [44] .git/objects/5f/7131495b2d34d83cb08d08a31f739f2fa24949 (size=475)
[2025-12-25 17:40:36] Concatène [45] .git/objects/5f/b088a58ba421fe022337f7079466ed09d22bb1 (size=201)
[2025-12-25 17:40:36] Concatène [46] .git/objects/67/733188b7153a7ce368444a9509968142172eea (size=406)
[2025-12-25 17:40:36] ℹ️  Binaire : .git/objects/6c/cc48a05421e0f3e40a0cfd4bc069663295c1c7 — référencé mais non inclus
[2025-12-25 17:40:36] ℹ️  Binaire : .git/objects/6d/6408a5bb8411448f2ee0f3e05078f8e13ff684 — référencé mais non inclus
[2025-12-25 17:40:36] ℹ️  Binaire : .git/objects/6f/9367e4ddeff2ceee6e1b6aa24bbf00f029cb75 — référencé mais non inclus
[2025-12-25 17:40:36] ℹ️  Binaire : .git/objects/71/d1529cacb1c8b66dff4899a11595712c0ff2ca — référencé mais non inclus
[2025-12-25 17:40:36] ℹ️  Binaire : .git/objects/75/cdea54465f53768e9edc7c31fa5a226602af79 — référencé mais non inclus
[2025-12-25 17:40:36] ℹ️  Binaire : .git/objects/7c/d49f16753e2d5e87e82317cc62ba5ad25fcd1a — référencé mais non inclus
[2025-12-25 17:40:36] ℹ️  Binaire : .git/objects/7d/14ca0ceb65a100b65da50c13c4ed00423b7abd — référencé mais non inclus
[2025-12-25 17:40:36] ℹ️  Binaire : .git/objects/7d/d15a1c616cdd4892d04ffee27e0b1f8e0240bb — référencé mais non inclus
[2025-12-25 17:40:36] ℹ️  Binaire : .git/objects/81/692525cea495f555182927f8f55584d98020f9 — référencé mais non inclus
[2025-12-25 17:40:36] ℹ️  Binaire : .git/objects/84/6efe57e7f1aba3621ccda2c424a11089a02b9b — référencé mais non inclus
[2025-12-25 17:40:36] ℹ️  Binaire : .git/objects/87/5968d8f81678a6e9a858eebe90a2b957759531 — référencé mais non inclus
[2025-12-25 17:40:36] ℹ️  Binaire : .git/objects/87/63c1d9aa8a5da1da10bdcac57f1fc5ebb09491 — référencé mais non inclus
[2025-12-25 17:40:36] ℹ️  Binaire : .git/objects/91/f5acd81ec45ecd315e27d23991247bd92e1979 — référencé mais non inclus
[2025-12-25 17:40:36] ℹ️  Binaire : .git/objects/9d/c71497ae68a4e83a6d720c3ad2fe6abd38d86f — référencé mais non inclus
[2025-12-25 17:40:36] ℹ️  Binaire : .git/objects/9d/cf46457a2239e54fbe4a9f00f2826996522e04 — référencé mais non inclus
[2025-12-25 17:40:36] ℹ️  Binaire : .git/objects/a2/91f3e344cf5c4aef3053ba2cb40e91b5fc39b3 — référencé mais non inclus
[2025-12-25 17:40:36] ℹ️  Binaire : .git/objects/a5/b9c675de4175687d7fff51d0dab61507fb118d — référencé mais non inclus
[2025-12-25 17:40:36] Concatène [64] .git/objects/ab/ece7364f2ed1cdc9b439c4c5374ab3d9dfd837 (size=286)
[2025-12-25 17:40:36] ℹ️  Binaire : .git/objects/ac/d9d78e43721d13834d5d0f2c10a60001a496b6 — référencé mais non inclus
[2025-12-25 17:40:36] ℹ️  Binaire : .git/objects/b5/3633d98bf09f65d7ffad41851e7dc00426fc7a — référencé mais non inclus
[2025-12-25 17:40:36] ℹ️  Binaire : .git/objects/b7/6e4ffecf8364809c61229d2644b578f6a94157 — référencé mais non inclus
[2025-12-25 17:40:36] ℹ️  Binaire : .git/objects/b7/e1fe52398f8f442711a0d0470a6318c0f10df3 — référencé mais non inclus
[2025-12-25 17:40:36] ℹ️  Binaire : .git/objects/be/0c220c16ac5a2391490b3f9618e5f9454345aa — référencé mais non inclus
[2025-12-25 17:40:36] ℹ️  Binaire : .git/objects/bf/2fb9f446bf88683793ffeb730ffe33654b8be1 — référencé mais non inclus
[2025-12-25 17:40:36] Concatène [71] .git/objects/c2/7fb11e9c9c3fe264ad1fdf894bbb8214c1d6a7 (size=216)
[2025-12-25 17:40:36] ℹ️  Binaire : .git/objects/c7/9719e52ab405c026c4d3c48899017ff6545063 — référencé mais non inclus
[2025-12-25 17:40:36] ℹ️  Binaire : .git/objects/c8/7dd4961de5d2b0546460efbf71169d6fbde2c0 — référencé mais non inclus
[2025-12-25 17:40:36] ℹ️  Binaire : .git/objects/c9/a83108423860e7c4e872bdb748dfb3d2f60be9 — référencé mais non inclus
[2025-12-25 17:40:36] ℹ️  Binaire : .git/objects/d4/ad699edca1759fdd98c08d197aea6fe8e7e202 — référencé mais non inclus
[2025-12-25 17:40:36] ℹ️  Binaire : .git/objects/d7/0c9ad928febd9287bcb9079f5857db1af09c06 — référencé mais non inclus
[2025-12-25 17:40:36] ℹ️  Binaire : .git/objects/df/c5b6c588b2753fb511e78f198853374d94ddbc — référencé mais non inclus
[2025-12-25 17:40:36] Concatène [78] .git/objects/e2/0e09349e91e8cafe04f0cd25d2b449b3459170 (size=153)
[2025-12-25 17:40:36] Concatène [79] .git/objects/e2/b928d9112e1dc2bf98d9006e9a0bf2fc8cbf93 (size=470)
[2025-12-25 17:40:36] ℹ️  Binaire : .git/objects/eb/3dda2764d74686f269b5551c818e3a4028218d — référencé mais non inclus
[2025-12-25 17:40:36] Concatène [81] .git/objects/ef/327c55831b06abfc2b987608b12db85728ffbf (size=365)
[2025-12-25 17:40:36] ℹ️  Binaire : .git/objects/f5/c1c09205f17763c8289c63c6d35fd4df64c6a8 — référencé mais non inclus
[2025-12-25 17:40:36] ℹ️  Binaire : .git/objects/fa/10cc7e0d046698a0c2b77544ed2a7167a49d25 — référencé mais non inclus
[2025-12-25 17:40:36] Concatène [84] .git/refs/heads/master (size=41)
[2025-12-25 17:40:36] Concatène [85] .git/refs/remotes/origin/master (size=41)
[2025-12-25 17:40:36] Concatène [86] .gitignore (size=123)
[2025-12-25 17:40:36] Concatène [87] compose.yml (size=2271)
[2025-12-25 17:40:36] Concatène [88] main.go (size=1476)
[2025-12-25 17:40:36] Concatène [89] orchestrator/.air.toml (size=212)
[2025-12-25 17:40:36] Concatène [90] orchestrator/Dockerfile (size=716)
[2025-12-25 17:40:36] Concatène [91] orchestrator/cmd/server/main.go (size=621)
[2025-12-25 17:40:36] Concatène [92] orchestrator/go.mod (size=1666)
[2025-12-25 17:40:36] Concatène [93] orchestrator/go.sum (size=8015)
[2025-12-25 17:40:36] Concatène [94] orchestrator/internal/api/hub.go (size=904)
[2025-12-25 17:40:36] Concatène [95] orchestrator/internal/api/routes.go (size=1364)
[2025-12-25 17:40:36] Concatène [96] orchestrator/internal/api/web/index.html (size=2206)
[2025-12-25 17:40:36] Concatène [97] orchestrator/internal/api/web/js/app.js (size=860)
[2025-12-25 17:40:36] Concatène [98] orchestrator/internal/api/web/js/charts.js (size=1226)
[2025-12-25 17:40:36] Concatène [99] orchestrator/internal/api/web/js/ui.js (size=1261)
[2025-12-25 17:40:36] Concatène [100] orchestrator/internal/orchestrator/engine.go (size=2004)
[2025-12-25 17:40:36] Concatène [101] orchestrator/internal/orchestrator/rabbitmq.go (size=3272)
[2025-12-25 17:40:36] Concatène [102] orchestrator/internal/orchestrator/types.go (size=617)
[2025-12-25 17:40:36] Concatène [103] orchestrator/tmp/build-errors.log (size=117)
[2025-12-25 17:40:36] ℹ️  Binaire : orchestrator/tmp/main — référencé mais non inclus
[2025-12-25 17:40:36] Concatène [105] project_export.log (size=10860)
[2025-12-25 17:40:36] Concatène [106] worker-go/Dockerfile (size=1078)
[2025-12-25 17:40:36] Concatène [107] worker-go/cmd/worker/main.go (size=467)
[2025-12-25 17:40:36] Concatène [108] worker-go/go.mod (size=1622)
[2025-12-25 17:40:36] Concatène [109] worker-go/go.sum (size=7840)
[2025-12-25 17:40:36] Concatène [110] worker-go/internal/api/router.go (size=419)
[2025-12-25 17:40:36] Concatène [111] worker-go/internal/worker/engine.go (size=1184)
[2025-12-25 17:40:36] Concatène [112] worker-go/internal/worker/handlers.go (size=1669)
[2025-12-25 17:40:36] Concatène [113] worker-go/internal/worker/types.go (size=907)
[2025-12-25 17:40:36] Concatène [114] worker-go/proto/sync.proto (size=302)
[2025-12-25 17:40:36] Concatène [115] worker-node/Dockerfile (size=257)
[2025-12-25 17:40:36] Concatène [116] worker-node/index.js (size=836)
[2025-12-25 17:40:36] Concatène [117] worker-python/Dockerfile (size=378)
[2025-12-25 17:40:36] Concatène [118] worker-python/main.py (size=618)
[2025-12-25 17:40:36] Concatène [119] worker-rust/Cargo.toml (size=420)
[2025-12-25 17:40:36] Concatène [120] worker-rust/Dockerfile (size=275)
[2025-12-25 17:40:36] Concatène [121] worker-rust/build.rs (size=123)
[2025-12-25 17:40:36] Concatène [122] worker-rust/src/main.rs (size=2753)
[2025-12-25 17:40:36] Concaténation Markdown terminée : 76 fichier(s), 93483 octets.
[2025-12-25 17:40:36] Aucune règle d’anonymisation — étape sautée.
[2025-12-25 17:40:36] Terminé. Log détaillé: project_export.log
